Release 14.7 Map P.20131013 (nt64)
Xilinx Mapping Report File for Design 'sd_uart'

Design Information
------------------
Command Line   : map -intstyle ise -p xc3s400an-ftg256-5 -cm area -ir off -pr
off -c 100 -o sd_uart_map.ncd sd_uart.ngd sd_uart.pcf 
Target Device  : xc3s400an
Target Package : ftg256
Target Speed   : -5
Mapper Version : spartan3a -- $Revision: 1.55 $
Mapped Date    : Tue Apr 02 21:43:33 2024

Design Summary
--------------
Number of errors:      0
Number of warnings:    0
Logic Utilization:
  Number of Slice Flip Flops:           404 out of   7,168    5%
  Number of 4 input LUTs:               415 out of   7,168    5%
Logic Distribution:
  Number of occupied Slices:            361 out of   3,584   10%
    Number of Slices containing only related logic:     361 out of     361 100%
    Number of Slices containing unrelated logic:          0 out of     361   0%
      *See NOTES below for an explanation of the effects of unrelated logic.
  Total Number of 4 input LUTs:         503 out of   7,168    7%
    Number used as logic:               412
    Number used as a route-thru:         88
    Number used as Shift registers:       3

  The Slice Logic Distribution report is not meaningful if the design is
  over-mapped for a non-slice resource or if Placement fails.

  Number of bonded IOBs:                  8 out of     195    4%
  Number of BUFGMUXs:                     2 out of      24    8%
  Number of RAMB16BWEs:                   1 out of      20    5%

Average Fanout of Non-Clock Nets:                3.18

Peak Memory Usage:  4453 MB
Total REAL time to MAP completion:  2 secs 
Total CPU time to MAP completion:   0 secs 

NOTES:

   Related logic is defined as being logic that shares connectivity - e.g. two
   LUTs are "related" if they share common inputs.  When assembling slices,
   Map gives priority to combine logic that is related.  Doing so results in
   the best timing performance.

   Unrelated logic shares no connectivity.  Map will only begin packing
   unrelated logic into a slice once 99% of the slices are occupied through
   related logic packing.

   Note that once logic distribution reaches the 99% level through related
   logic packing, this does not mean the device is completely utilized.
   Unrelated logic packing will then begin, continuing until all usable LUTs
   and FFs are occupied.  Depending on your timing budget, increased levels of
   unrelated logic packing may adversely affect the overall timing performance
   of your design.

Table of Contents
-----------------
Section 1 - Errors
Section 2 - Warnings
Section 3 - Informational
Section 4 - Removed Logic Summary
Section 5 - Removed Logic
Section 6 - IOB Properties
Section 7 - RPMs
Section 8 - Guide Report
Section 9 - Area Group and Partition Summary
Section 10 - Timing Report
Section 11 - Configuration String Information
Section 12 - Control Set Information
Section 13 - Utilization by Hierarchy

Section 1 - Errors
------------------

Section 2 - Warnings
--------------------

Section 3 - Informational
-------------------------
INFO:LIT:243 - Logical network Button has no load.
INFO:LIT:395 - The above info message is repeated 4 more times for the following
   (max. 5 shown):
   uart_tx_inst/SDControl/SDControl/sd_init_inst/Mshreg_ack_data_32_0/Q,
   uart_tx_inst/SDControl/fifo_wr_data_inst/U0/xst_fifo_generator/gconvfifo.rf/g
   rf.rf/gntv_or_sync_fifo.gl0.rd/gr1.rfwft/empty_fwft_i,
   uart_tx_inst/SDControl/fifo_wr_data_inst/U0/xst_fifo_generator/gconvfifo.rf/g
   rf.rf/gntv_or_sync_fifo.gl0.rd/gr1.rfwft/user_valid,
   uart_tx_inst/SDControl/fifo_wr_data_inst/U0/xst_fifo_generator/gconvfifo.rf/g
   rf.rf/gntv_or_sync_fifo.gl0.wr/gwas.wsts/ram_full_i
   To see the details of these info messages, please use the -detail switch.
INFO:MapLib:562 - No environment variables are currently set.
INFO:LIT:244 - All of the single ended outputs in this design are using slew
   rate limited output drivers. The delay on speed critical single ended outputs
   can be dramatically reduced by designating them as fast outputs.

Section 4 - Removed Logic Summary
---------------------------------
   5 block(s) removed
   4 block(s) optimized away
   6 signal(s) removed

Section 5 - Removed Logic
-------------------------

The trimmed logic report below shows the logic removed from your design due to
sourceless or loadless signals, and VCC or ground connections.  If the removal
of a signal or symbol results in the subsequent removal of an additional signal
or symbol, the message explaining that second removal will be indented.  This
indentation will be repeated as a chain of related logic is removed.

To quickly locate the original cause for the removal of a chain of logic, look
above the place where that logic is listed in the trimming report, then locate
the lines that are least indented (begin at the leftmost edge).

The signal
"uart_tx_inst/SDControl/SDControl/sd_init_inst/Mshreg_ack_data_32_0/Q" is
sourceless and has been removed.
The signal
"uart_tx_inst/SDControl/fifo_wr_data_inst/U0/xst_fifo_generator/gconvfifo.rf/grf
.rf/gntv_or_sync_fifo.gl0.rd/gr1.rfwft/empty_fwft_i" is sourceless and has been
removed.
The signal
"uart_tx_inst/SDControl/fifo_wr_data_inst/U0/xst_fifo_generator/gconvfifo.rf/grf
.rf/gntv_or_sync_fifo.gl0.rd/gr1.rfwft/user_valid" is sourceless and has been
removed.
The signal
"uart_tx_inst/SDControl/fifo_wr_data_inst/U0/xst_fifo_generator/gconvfifo.rf/grf
.rf/gntv_or_sync_fifo.gl0.wr/gwas.wsts/ram_full_i" is sourceless and has been
removed.
The signal
"uart_tx_inst/SDControl/fifo_wr_data_inst/U0/xst_fifo_generator/gconvfifo.rf/grf
.rf/gntv_or_sync_fifo.gl0.rd/gr1.rfwft/empty_fwft_i_or0000" is sourceless and
has been removed.
 Sourceless block
"uart_tx_inst/SDControl/fifo_wr_data_inst/U0/xst_fifo_generator/gconvfifo.rf/grf
.rf/gntv_or_sync_fifo.gl0.rd/gr1.rfwft/empty_fwft_i" (FF) removed.
 Sourceless block
"uart_tx_inst/SDControl/fifo_wr_data_inst/U0/xst_fifo_generator/gconvfifo.rf/grf
.rf/gntv_or_sync_fifo.gl0.rd/gr1.rfwft/empty_fwft_fb" (FF) removed.
  The signal
"uart_tx_inst/SDControl/fifo_wr_data_inst/U0/xst_fifo_generator/gconvfifo.rf/grf
.rf/gntv_or_sync_fifo.gl0.rd/gr1.rfwft/empty_fwft_fb" is sourceless and has been
removed.
   Sourceless block
"uart_tx_inst/SDControl/fifo_wr_data_inst/U0/xst_fifo_generator/gconvfifo.rf/grf
.rf/gntv_or_sync_fifo.gl0.rd/gr1.rfwft/empty_fwft_i_or00001" (ROM) removed.
Unused block
"uart_tx_inst/SDControl/fifo_wr_data_inst/U0/xst_fifo_generator/gconvfifo.rf/grf
.rf/gntv_or_sync_fifo.gl0.rd/gr1.rfwft/user_valid" (FF) removed.
Unused block
"uart_tx_inst/SDControl/fifo_wr_data_inst/U0/xst_fifo_generator/gconvfifo.rf/grf
.rf/gntv_or_sync_fifo.gl0.wr/gwas.wsts/ram_full_i" (FF) removed.

Optimized Block(s):
TYPE 		BLOCK
GND 		XST_GND
VCC 		XST_VCC
GND 		uart_tx_inst/SDControl/fifo_wr_data_inst/XST_GND
VCC 		uart_tx_inst/SDControl/fifo_wr_data_inst/XST_VCC

To enable printing of redundant blocks removed and signals merged, set the
detailed map report option and rerun map.

Section 6 - IOB Properties
--------------------------

+-------------------------------------------------------------------------------------------------------------------------------------------------------------------------------+
| IOB Name                           | Type             | Direction | IO Standard          | Diff  | Drive    | Slew    | Reg (s)      | Resistor | IBUF/IFD | SUSPEND          |
|                                    |                  |           |                      | Term  | Strength | Rate    |              |          | Delay    |                  |
+-------------------------------------------------------------------------------------------------------------------------------------------------------------------------------+
| rx                                 | IBUF             | INPUT     | LVCMOS25             |       |          |         |              |          | 0 / 0    |                  |
| sd_clk                             | IOB              | OUTPUT    | LVCMOS25             |       | 12       | SLOW    |              |          | 0 / 0    | 3STATE           |
| sd_cs_n                            | IOB              | OUTPUT    | LVCMOS25             |       | 12       | SLOW    |              |          | 0 / 0    | 3STATE           |
| sd_miso                            | IBUF             | INPUT     | LVCMOS25             |       |          |         |              |          | 0 / 0    |                  |
| sd_mosi                            | IOB              | OUTPUT    | LVCMOS25             |       | 12       | SLOW    |              |          | 0 / 0    | 3STATE           |
| sys_clk                            | IBUF             | INPUT     | LVCMOS25             |       |          |         |              |          | 0 / 0    |                  |
| sys_rst_n                          | IBUF             | INPUT     | LVCMOS25             |       |          |         |              |          | 0 / 0    |                  |
| tx                                 | IOB              | OUTPUT    | LVCMOS25             |       | 12       | SLOW    |              |          | 0 / 0    | 3STATE           |
+-------------------------------------------------------------------------------------------------------------------------------------------------------------------------------+

Section 7 - RPMs
----------------

Section 8 - Guide Report
------------------------
Guide not run on this design.

Section 9 - Area Group and Partition Summary
--------------------------------------------

Partition Implementation Status
-------------------------------

  No Partitions were found in this design.

-------------------------------

Area Group Information
----------------------

  No area groups were found in this design.

----------------------

Section 10 - Timing Report
--------------------------
This design was not run using timing mode.

Section 11 - Configuration String Details
-----------------------------------------
Use the "-detail" map option to print out Configuration Strings

Section 12 - Control Set Information
------------------------------------
No control set information for this architecture.

Section 13 - Utilization by Hierarchy
-------------------------------------
Use the "-detail" map option to print out the Utilization by Hierarchy section.
